
 [12:10:49.177] Execution of the command sfdmu:run has been started.

 LOADING AND VALIDATING THE EXPORT.JSON SCRIPT ...

 OBJECT SET #1 STARTED

 {
   "Running Plugin version": "4.36.7"
}
 {
   "Running Add-On API version": "1.6.0"
}

 [12:10:49.190] Loading Core Add-On Module declarations ...
 [12:10:49.255] Connecting to the DataSeeding using SFDX sf org display ...
 [12:10:51.47] Successfully connected to the DataSeeding.
 {
   "Source": "DataSeeding.",
   "Target": "csvfile.",
   "Package script": "C:\\pro\\wksVsCode\\FTD24\\sfdmu\\export.json."
}

 GETTING AND ANALYSING OBJECT METADATA ...
 [12:10:51.348] Processing the object Account ...
 [12:10:51.348] Fetching metadata of the Account (Source) ...
 [12:10:52.366] Processing the object Contact ...
 [12:10:52.368] Fetching metadata of the Contact (Source) ...
 [12:10:52.816] Processing the object ObjectA__c ...
 [12:10:52.817] Fetching metadata of the ObjectA__c (Source) ...
 [12:10:53.53] Processing the object ObjectB__c ...
 [12:10:53.54] Fetching metadata of the ObjectB__c (Source) ...
 [12:10:53.308] Fetching metadata of the Group (Source) ...
 [12:10:53.486] Processing the object ObjectB__c ...
 [12:10:53.488] Processing the object ObjectA__c ...
 [12:10:53.490] Processing the object Contact ...
 [12:10:53.490] Processing the object Account ...
 [12:10:53.492] Fetching metadata of the OperatingHours (Source) ...
 [12:10:53.747] The parent object OperatingHours for the child lookup field Account.OperatingHoursId has been included into the process. The externalId is set to 'Name'.

 PREPARING DATA MIGRATION JOB ...
 [12:10:53.752] Building the migration strategy ...
 {
   "Order of objects to query": "Account; Contact; ObjectA__c; ObjectB__c; OperatingHours"
}
 {
   "Order of objects to delete": "ObjectB__c; ObjectA__c; Contact; Account; OperatingHours"
}
 {
   "Order of objects to update": "OperatingHours; Account; Contact; ObjectA__c; ObjectB__c"
}
 [12:10:53.758] Preparing of the data migration job has been completed.

 ANALYSING DATA...
 [12:10:53.863] {OperatingHours} The original query string of this object is returning 0 records from the Source org.
 [12:10:53.968] {Account} The original query string of this object is returning 14 records from the Source org.
 [12:10:54.67] {Contact} The original query string of this object is returning 7 records from the Source org.
 [12:10:54.156] {ObjectA__c} The original query string of this object is returning 2 records from the Source org.
 [12:10:54.264] {ObjectB__c} The original query string of this object is returning 2 records from the Source org.

 TRIGGERING ADD-ON EVENTS ...
 [12:10:54.267] No Add-On modules found to run.

 [12:10:54.268] Ready to process the data.

 DELETING OLD DATA FROM THE TARGET ...
 [12:10:54.269] {ObjectB__c} No records to delete.
 [12:10:54.269] {ObjectA__c} No records to delete.
 [12:10:54.270] {Contact} No records to delete.
 [12:10:54.270] {Account} No records to delete.
 [12:10:54.270] {OperatingHours} No records to delete.
 [12:10:54.271] Deleting data was skipped.

 SOURCE:
 ===========

 FETCHING THE DATA (STAGE 1) ...
 [12:10:54.273] {Account} Fetching the Source data from Org (STAGE 1: all records) ...
 [12:10:54.274] {Account} Query string: SELECT Id, Name, IsDeleted, Type, ParentId, BillingStreet, BillingCity, BillingState, BillingPostalCode, BillingCountry, BillingLatitude, BillingLongitude, BillingGeocodeAccuracy, ShippingStreet, ShippingCity, ShippingState, ShippingPostalCode, Shipp... FROM  Account.
 [12:10:54.282] {Account} Using REST API to retrieve the data ...
 [12:10:54.439] {Account} Data retrieval (Source) has been completed. Got 14 new records.
 [12:10:54.439] {Contact} Fetching the Source data from Org (STAGE 1: all records) ...
 [12:10:54.440] {Contact} Query string: SELECT Id, AccountId, LastName, FirstName, Department, Birthdate, CleanStatus, ExternalId__c, $$FirstName$LastName, Account.Name  FROM  Contact.
 [12:10:54.441] {Contact} Using REST API to retrieve the data ...
 [12:10:54.538] {Contact} Data retrieval (Source) has been completed. Got 7 new records.
 [12:10:54.540] {ObjectA__c} Fetching the Source data from Org (STAGE 1: all records) ...
 [12:10:54.541] {ObjectA__c} Query string: SELECT Id, Name, IsDeleted, CreatedDate, LastModifiedDate, SystemModstamp, Field1__c, Field2__c, Field3__c, Contact__c, Account__c, ObjectB__c, Contact__r.$$FirstName$LastName, Account__r.Name, ObjectB__r.Name  FROM  ObjectA__c.
 [12:10:54.543] {ObjectA__c} Using REST API to retrieve the data ...
 [12:10:54.680] {ObjectA__c} Data retrieval (Source) has been completed. Got 2 new records.
 [12:10:54.680] {ObjectB__c} Fetching the Source data from Org (STAGE 1: all records) ...
 [12:10:54.681] {ObjectB__c} Query string: SELECT Id, Name, IsDeleted, CreatedDate, LastModifiedDate, SystemModstamp, Field1__c, Field2__c, Field3__c, LinkToObjectA__c, LinkToObjectA__r.Name  FROM  ObjectB__c.
 [12:10:54.682] {ObjectB__c} Using REST API to retrieve the data ...
 [12:10:55.44] {ObjectB__c} Data retrieval (Source) has been completed. Got 2 new records.
 [12:10:55.45] Data retrieval (STAGE 1) has been completed.

 FETCHING THE DATA (STAGE 2) ...
 [12:10:55.47] PASS 1
 ===========
 [12:10:55.48] No records

 [12:10:55.48] PASS 2
 ===========
 [12:10:55.49] No records

 [12:10:55.50] PASS 3
 ===========
 [12:10:55.50] No records

 [12:10:55.52] PASS 4
 ===========
 [12:10:55.52] No records

 TARGET:
 ===========
 [12:10:55.54] No records
 [12:10:55.54] Data retrieval (STAGE 2) has been completed.

 TRIGGERING ADD-ON EVENTS ...
 [12:10:55.55] No Add-On modules found to run.


 DATA RETRIEVAL SUMMARY.
 [12:10:55.56] {Account} The total amount of the retrieved records: 14/0.
 [12:10:55.56] {Contact} The total amount of the retrieved records: 7/0.
 [12:10:55.56] {ObjectA__c} The total amount of the retrieved records: 2/0.
 [12:10:55.57] {ObjectB__c} The total amount of the retrieved records: 2/0.
 [12:10:55.57] {OperatingHours} The total amount of the retrieved records: 0/0.

 UPDATING THE TARGET (STAGE 1) ...
 [12:10:55.58] {OperatingHours} Creating the file C:\pro\wksVsCode\FTD24\sfdmu\OperatingHours.csv ...
 [12:10:55.60] {Account} Creating the file C:\pro\wksVsCode\FTD24\sfdmu\Account.csv ...
 [12:10:55.64] {Account} The Target has been updated. Totally processed 14 records.

 [12:10:55.65] {Contact} Creating the file C:\pro\wksVsCode\FTD24\sfdmu\Contact.csv ...
 [12:10:55.80] {Contact} The Target has been updated. Totally processed 7 records.

 [12:10:55.81] {ObjectA__c} Creating the file C:\pro\wksVsCode\FTD24\sfdmu\ObjectA__c.csv ...
 [12:10:55.83] {ObjectA__c} The Target has been updated. Totally processed 2 records.

 [12:10:55.84] {ObjectB__c} Creating the file C:\pro\wksVsCode\FTD24\sfdmu\ObjectB__c.csv ...
 [12:10:55.86] {ObjectB__c} The Target has been updated. Totally processed 2 records.


 [12:10:55.87] The Target (STAGE 1) has been updated. Totally processed 25 records.

 UPDATING THE TARGET (STAGE 2) ...

 [12:10:55.88] Nothing was updated.

 TRIGGERING ADD-ON EVENTS ...
 [12:10:55.90] No Add-On modules found to run.


 DATA PROCESSING SUMMARY.
 [12:10:55.91] {Account} Totally processed 14 records.
 [12:10:55.92] {Contact} Totally processed 7 records.
 [12:10:55.92] {ObjectA__c} Totally processed 2 records.
 [12:10:55.92] {ObjectB__c} Totally processed 2 records.
 [12:10:55.93] {OperatingHours} Totally processed 0 records.

 [12:10:55.94] Writing to C:\pro\wksVsCode\FTD24\sfdmu\MissingParentRecordsReport.csv ...


 TRIGGERING ADD-ON EVENTS ...
 [12:10:55.95] No Add-On modules found to run.


 [12:10:55.112] Command succeeded.
 [12:10:55.113] Execution of the command sfdmu:run has been completed. Exit code 0 (SUCCESS).
 [12:10:55.114] Total time elapsed: 00h 00m 05s 937ms .